This is pdfTeX, Version 3.14159265-2.6-1.40.16 (TeX Live 2015) (preloaded format=pdftex 2015.11.30)  6 DEC 2015 11:25
entering extended mode
 restricted \write18 enabled.
 file:line:error style messages enabled.
 %&-line parsing enabled.
**/Users/fabi/Dropbox/Studium/Fernstudium/Masterthesis/Code/Tests/MEMO_OrgML_Shapes/Library/tikzlibrarymemoorgml.code.tex
(/Users/fabi/Dropbox/Studium/Fernstudium/Masterthesis/Code/Tests/MEMO_OrgML_Shapes/Library/tikzlibrarymemoorgml.code.tex
/Users/fabi/Dropbox/Studium/Fernstudium/Masterthesis/Code/Tests/MEMO_OrgML_Shapes/Library/tikzlibrarymemoorgml.code.tex:1: Undefined control sequence.
l.1 \ProvidesFileRCS
                    [v\pgfversion] $header: Code/Tests/MEMO_OrgML_Shapes/Lib...
The control sequence at the end of the top line
of your error message was never \def'ed. If you have
misspelled it (e.g., `\hobx'), type `I' and the correct
spelling (e.g., `I\hbox'). Otherwise just continue,
and I'll forget about whatever was undefined.

/Users/fabi/Dropbox/Studium/Fernstudium/Masterthesis/Code/Tests/MEMO_OrgML_Shapes/Library/tikzlibrarymemoorgml.code.tex:1: Undefined control sequence.
l.1 \ProvidesFileRCS[v\pgfversion
                                 ] $header: Code/Tests/MEMO_OrgML_Shapes/Lib...
The control sequence at the end of the top line
of your error message was never \def'ed. If you have
misspelled it (e.g., `\hobx'), type `I' and the correct
spelling (e.g., `I\hbox'). Otherwise just continue,
and I'll forget about whatever was undefined.


Overfull \hbox (35.30333pt too wide) in paragraph at lines 1--2
[]\tenrm [v] $\teni header \tenrm : \teni Code=Tests=MEMO[]rgML[]hapes=Library=tikzlibrarymemoorgml:code:tex; v\tenrm 0\teni :\tenrm 12015\teni =\tenrm 12\teni =\tenrm 0518 :|

\hbox(7.5+2.5)x469.75499, glue set - 1.0
.\hbox(0.0+0.0)x20.0
.\tenrm [
.\tenrm v
.\tenrm ]
.\glue 3.33333 plus 1.66666 minus 1.11111
.etc.

/Users/fabi/Dropbox/Studium/Fernstudium/Masterthesis/Code/Tests/MEMO_OrgML_Shapes/Library/tikzlibrarymemoorgml.code.tex:42: Undefined control sequence.
l.42 \usetikzlibrary
                    {memoorgmlshapes}
The control sequence at the end of the top line
of your error message was never \def'ed. If you have
misspelled it (e.g., `\hobx'), type `I' and the correct
spelling (e.g., `I\hbox'). Otherwise just continue,
and I'll forget about whatever was undefined.

/Users/fabi/Dropbox/Studium/Fernstudium/Masterthesis/Code/Tests/MEMO_OrgML_Shapes/Library/tikzlibrarymemoorgml.code.tex:43: Undefined control sequence.
l.43 \usetikzlibrary
                    {calc}
The control sequence at the end of the top line
of your error message was never \def'ed. If you have
misspelled it (e.g., `\hobx'), type `I' and the correct
spelling (e.g., `I\hbox'). Otherwise just continue,
and I'll forget about whatever was undefined.

)
! Emergency stop.
<*> ...hapes/Library/tikzlibrarymemoorgml.code.tex
                                                  
*** (job aborted, no legal \end found)

!  ==> Fatal error occurred, no output PDF file produced!
